Arguments: 
  C:\Program Files\nodejs\node.exe C:\Users\kingr\AppData\Roaming\npm\node_modules\yarn\bin\yarn.js init

PATH: 
  C:\Users\kingr\bin;C:\Program Files\Git\mingw64\bin;C:\Program Files\Git\usr\local\bin;C:\Program Files\Git\usr\bin;C:\Program Files\Git\usr\bin;C:\Program Files\Git\mingw64\bin;C:\Program Files\Git\usr\bin;C:\Users\kingr\bin;C:\WINDOWS\system32;C:\WINDOWS;C:\WINDOWS\System32\Wbem;C:\WINDOWS\System32\WindowsPowerShell\v1.0;C:\WINDOWS\System32\OpenSSH;C:\Program Files\nodejs;C:\Program Files\Git\cmd;C:\Program Files\Microsoft VS Code\bin;C:\Program Files\Dart\dart-sdk\bin;C:\Program Files\TortoiseSVN\bin;C:\Users\kingr\AppData\Local\Microsoft\WindowsApps;C:\Users\kingr\AppData\Roaming\npm;C:\Users\kingr\AppData\Local\hyper\app-3.0.2\resources\bin;D:\flutter-sdk\bin;C:\Program Files\heroku\bin;C:\Program Files\Git\usr\bin\vendor_perl;C:\Program Files\Git\usr\bin\core_perl

Yarn version: 
  1.22.4

Node version: 
  12.16.1

Platform: 
  win32 x64

Trace: 
  Error: Can't answer a question unless a user TTY
      at ConsoleReporter.question (C:\Users\kingr\AppData\Roaming\npm\node_modules\yarn\lib\cli.js:96800:59)
      at Object.<anonymous> (C:\Users\kingr\AppData\Roaming\npm\node_modules\yarn\lib\cli.js:89075:38)
      at Generator.next (<anonymous>)
      at step (C:\Users\kingr\AppData\Roaming\npm\node_modules\yarn\lib\cli.js:310:30)
      at C:\Users\kingr\AppData\Roaming\npm\node_modules\yarn\lib\cli.js:321:13

npm manifest: 
  No manifest

yarn manifest: 
  No manifest

Lockfile: 
  No lockfile
